<?xml version="1.0" encoding="UTF-8"?>
<!-- Generated by org.testng.reporters.JUnitXMLReporter -->
<testsuite ignored="0" hostname="Bhausaheb_Kharade" failures="1" tests="1" name="Test" time="12.08" errors="0" timestamp="2023-04-10T11:30:30 IST">
  <testcase classname="com.fc.india.web.tests.Fc_India_Desktop_Search_Test" name="HomePage_Search_Project" time="0.955">
    <failure type="org.json.JSONException" message="JSONObject[&amp;quot;HomePageSearch&amp;quot;] not found.">
      <![CDATA[org.json.JSONException: JSONObject["HomePageSearch"] not found.
at org.json.JSONObject.get(JSONObject.java:570)
at org.json.JSONObject.getJSONObject(JSONObject.java:780)
at com.fc.india.web.tests.Fc_India_Desktop_Search_Test.HomePage_Search_Project(Fc_India_Desktop_Search_Test.java:75)
at java.base/java.util.ArrayList.forEach(ArrayList.java:1540)
... Removed 27 stack frames]]>
    </failure>
  </testcase> <!-- HomePage_Search_Project -->
</testsuite> <!-- Test -->
