<?xml version="1.0" encoding="UTF-8"?>
<!-- Generated by org.testng.reporters.JUnitXMLReporter -->
<testsuite ignored="0" hostname="Earth" failures="0" tests="1" name="Get_privacy_policy_text_from_webapps" time="54.482" errors="0" timestamp="2023-04-28T11:43:28 GMT-05:00">
  <testcase classname="com.web.app.resources.Web_App_BaseTest" name="@AfterTest AfterTest" time="0.0">
    <failure type="java.lang.NullPointerException" message="Cannot invoke &amp;quot;org.openqa.selenium.WebDriver.quit()&amp;quot; because &amp;quot;com.android.web.config.Config.driver&amp;quot; is null">
      <![CDATA[java.lang.NullPointerException: Cannot invoke "org.openqa.selenium.WebDriver.quit()" because "com.android.web.config.Config.driver" is null
at com.web.app.resources.Web_App_BaseTest.AfterTest(Web_App_BaseTest.java:264)
... Removed 24 stack frames]]>
    </failure>
  </testcase> <!-- @AfterTest AfterTest -->
  <testcase classname="com.web.app.tests.Get_privacy_policy_text_from_webapps_jsoup" name="Get_Privacy_PolicyText_From_WebApps" time="6.861"/>
</testsuite> <!-- Get_privacy_policy_text_from_webapps -->
